2024-05-12 14:17:17,370:INFO:Initializing LanguageDistributionChart
2024-05-12 14:17:17,370:INFO:Database connection successful.
2024-05-12 14:17:17,370:INFO:Retrieving data from the database
2024-05-12 14:17:17,370:INFO:Generating graph for All categories
2024-05-12 14:17:17,370:INFO:Executing query
2024-05-12 14:17:17,370:INFO:Retrieving data from the database
2024-05-12 14:17:17,372:INFO:Received data from the database
2024-05-12 14:17:17,372:INFO:Extracting languages and counts
2024-05-12 14:17:17,372:INFO:Creating figure
2024-05-12 14:17:17,391:INFO:Plotting pie chart
2024-05-12 14:17:17,395:INFO:Creating count table
2024-05-12 14:17:17,396:INFO:Bolding first row of the table
2024-05-12 14:17:17,396:INFO:Adjusting layout
2024-05-12 14:17:17,396:INFO:Saving and showing plot
2024-05-12 14:17:17,503:INFO:Saving results in a CSV file
2024-05-12 14:17:22,006:INFO:Initializing LanguageDistributionChart
2024-05-12 14:17:22,006:INFO:Database connection successful.
2024-05-12 14:17:22,006:INFO:Retrieving data from the database
2024-05-12 14:17:22,006:INFO:Generating graph for All categories
2024-05-12 14:17:22,006:INFO:Executing query
2024-05-12 14:17:22,007:INFO:Retrieving data from the database
2024-05-12 14:17:22,007:INFO:Received data from the database
2024-05-12 14:17:22,007:INFO:Extracting languages and counts
2024-05-12 14:17:22,007:INFO:Creating figure
2024-05-12 14:17:22,017:INFO:Plotting pie chart
2024-05-12 14:17:22,022:INFO:Creating count table
2024-05-12 14:17:22,023:INFO:Bolding first row of the table
2024-05-12 14:17:22,023:INFO:Adjusting layout
2024-05-12 14:17:22,023:INFO:Saving and showing plot
2024-05-12 14:17:22,116:INFO:Saving results in a CSV file
2024-05-12 14:17:22,123:INFO:Initializing LanguageDistributionChart
2024-05-12 14:17:22,124:INFO:Database connection successful.
2024-05-12 14:17:22,124:INFO:Retrieving data from the database
2024-05-12 14:17:22,124:INFO:Generating graph for Organismes communautaires et à but non-lucratif
2024-05-12 14:17:22,124:INFO:Executing query
2024-05-12 14:17:22,124:INFO:Retrieving data from the database
2024-05-12 14:17:22,125:INFO:Received data from the database
2024-05-12 14:17:22,125:INFO:Extracting languages and counts
2024-05-12 14:17:22,125:INFO:Creating figure
2024-05-12 14:17:22,136:INFO:Plotting pie chart
2024-05-12 14:17:22,142:INFO:Creating count table
2024-05-12 14:17:22,143:INFO:Bolding first row of the table
2024-05-12 14:17:22,143:INFO:Adjusting layout
2024-05-12 14:17:22,144:INFO:Saving and showing plot
2024-05-12 14:17:22,244:INFO:Saving results in a CSV file
2024-05-12 14:17:22,254:INFO:Initializing LanguageDistributionChart
2024-05-12 14:17:22,255:INFO:Database connection successful.
2024-05-12 14:17:22,255:INFO:Retrieving data from the database
2024-05-12 14:17:22,255:INFO:Retrieving data from the database
2024-05-12 14:17:24,387:INFO:Saving results in a CSV file
2024-05-12 14:17:24,388:INFO:Saving results inb an Excel file
2024-05-12 14:17:24,430:INFO:Showing results
