2024-07-02 06:49:34,641:INFO:Initializing WordFrequencyChart
2024-07-02 06:49:34,641:INFO:Database connection successful.
2024-07-02 06:49:34,646:INFO:Tokenizing and removing stopwords
2024-07-02 06:49:34,646:INFO:Retrieving data from the database
2024-07-02 06:49:35,297:INFO:Plotting the most frequent words
2024-07-02 06:49:35,538:INFO:Saving the results
2024-07-02 06:49:35,540:INFO:Closing the database connection
2024-07-02 06:49:35,555:INFO:Initializing WordFrequencyChart
2024-07-02 06:49:35,555:INFO:Database connection successful.
2024-07-02 06:49:35,557:INFO:Tokenizing and removing stopwords
2024-07-02 06:49:35,557:INFO:Retrieving data from the database
2024-07-02 06:49:37,505:INFO:Plotting the most frequent words in fr corpus
2024-07-02 06:49:37,718:INFO:Saving the results
2024-07-02 06:49:37,722:INFO:Closing the database connection
2024-07-02 06:49:37,734:INFO:Initializing WordFrequencyChart
2024-07-02 06:49:37,735:INFO:Database connection successful.
2024-07-02 06:49:37,737:INFO:Tokenizing and removing stopwords
2024-07-02 06:49:37,737:INFO:Retrieving data from the database
2024-07-02 06:49:38,099:INFO:Plotting the most frequent words in en corpus
2024-07-02 06:49:38,362:INFO:Saving the results
2024-07-02 06:49:38,364:INFO:Closing the database connection
2024-07-02 06:49:38,372:INFO:Initializing WordFrequencyChart
2024-07-02 06:49:38,372:INFO:Database connection successful.
2024-07-02 06:49:38,374:INFO:Tokenizing and removing stopwords
2024-07-02 06:49:38,374:INFO:Retrieving data from the database
2024-07-02 06:49:38,441:INFO:Plotting the most frequent words in bilingual corpus
2024-07-02 06:49:38,720:INFO:Saving the results
2024-07-02 06:49:38,722:INFO:Closing the database connection
2024-07-02 06:49:38,731:INFO:Initializing WordFrequencyChart
2024-07-02 06:49:38,732:INFO:Database connection successful.
2024-07-02 06:49:38,733:INFO:Retrieving document content from the database
2024-07-02 06:49:38,733:INFO:Retrieving data from the database
2024-07-02 06:49:38,744:INFO:Combining the content into a single string
2024-07-02 06:49:38,747:INFO:Counting the frequency of each word
2024-07-02 06:49:38,821:INFO:Creating a bar plot
2024-07-02 06:49:39,050:INFO:Saving the results
2024-07-02 06:49:39,054:INFO:Closing the database connection
