2024-05-11 20:54:48,276:INFO:Initializing WordFrequencyChart
2024-05-11 20:54:48,276:INFO:Database connection successful.
2024-05-11 20:54:48,277:INFO:Retrieving document content from the database
2024-05-11 20:54:48,277:INFO:Retrieving data from the database
2024-05-11 20:54:48,342:INFO:Flattening the list of tuples into a list of strings
2024-05-11 20:54:48,343:INFO:Counting the frequency of each word
2024-05-11 20:54:48,343:INFO:Creating a bar plot
2024-05-11 20:54:48,575:INFO:Saving the results
2024-05-11 20:54:48,580:INFO:Closing the database connection
2024-05-12 07:51:19,634:INFO:Initializing WordFrequencyChart
2024-05-12 07:51:19,635:INFO:Database connection successful.
2024-05-12 07:51:19,638:INFO:Retrieving document content from the database
2024-05-12 07:51:19,638:INFO:Retrieving data from the database
2024-05-12 07:51:19,700:INFO:Flattening the list of tuples into a list of strings
2024-05-12 07:51:19,701:INFO:Counting the frequency of each word
2024-05-12 07:51:19,701:INFO:Creating a bar plot
2024-05-12 07:51:19,901:INFO:Saving the results
2024-05-12 07:51:19,904:INFO:Closing the database connection
2024-05-12 07:53:25,378:INFO:Initializing WordFrequencyChart
2024-05-12 07:53:25,380:INFO:Database connection successful.
2024-05-12 07:53:25,382:INFO:Retrieving document content from the database
2024-05-12 07:53:25,382:INFO:Retrieving data from the database
2024-05-12 07:53:25,440:INFO:Flattening the list of tuples into a list of strings
2024-05-12 07:53:25,441:INFO:Counting the frequency of each word
2024-05-12 07:53:25,441:INFO:Creating a bar plot
2024-05-12 07:53:25,638:INFO:Saving the results
2024-05-12 07:53:25,639:INFO:Closing the database connection
