2024-05-11 12:31:35,985:INFO:Initializing WordFrequencyChart
2024-05-11 12:31:35,986:INFO:Database connection successful.
2024-05-11 12:31:35,987:INFO:Tokenizing and removing stopwords
2024-05-11 12:31:35,987:INFO:Retrieving data from the database
2024-05-11 12:31:36,418:INFO:Plotting the most frequent words
2024-05-11 12:31:36,640:INFO:Saving the results
2024-05-11 12:31:40,306:INFO:Initializing WordFrequencyChart
2024-05-11 12:31:40,306:INFO:Database connection successful.
2024-05-11 12:31:40,307:INFO:Tokenizing and removing stopwords
2024-05-11 12:31:40,307:INFO:Retrieving data from the database
2024-05-11 12:31:40,687:INFO:Plotting the most frequent words
2024-05-11 12:31:40,807:INFO:Saving the results
2024-05-11 12:31:40,810:INFO:Closing the database connection
2024-05-11 12:31:47,466:INFO:Initializing WordFrequencyChart
2024-05-11 12:31:47,467:INFO:Database connection successful.
2024-05-11 12:31:47,467:INFO:Tokenizing and removing stopwords
2024-05-11 12:31:47,467:INFO:Retrieving data from the database
2024-05-11 12:31:47,855:INFO:Plotting the most frequent words
2024-05-11 12:31:47,978:INFO:Saving the results
2024-05-11 12:31:47,979:INFO:Closing the database connection
2024-05-11 12:33:13,644:INFO:Closing the database connection
