2024-05-11 13:15:13,287:INFO:Initializing WordFrequencyChart
2024-05-11 13:15:13,288:INFO:Database connection successful.
2024-05-11 13:15:13,289:INFO:Tokenizing and removing stopwords
2024-05-11 13:15:13,289:INFO:Retrieving data from the database
2024-05-11 13:15:13,675:INFO:Plotting the most frequent words
2024-05-11 13:15:13,887:INFO:Saving the results
2024-05-11 13:15:13,893:INFO:Closing the database connection
2024-05-11 13:15:58,913:INFO:Closing the database connection
2024-05-11 13:16:01,383:INFO:Closing the database connection
2024-05-11 13:16:01,552:INFO:Closing the database connection
2024-05-11 13:16:02,860:INFO:Closing the database connection
2024-05-11 13:16:02,954:INFO:Closing the database connection
2024-05-11 13:16:03,105:INFO:Closing the database connection
2024-05-11 13:16:03,245:INFO:Closing the database connection
2024-05-11 13:16:03,369:INFO:Closing the database connection
2024-05-11 13:16:07,012:INFO:Closing the database connection
2024-05-11 13:16:07,519:INFO:Closing the database connection
2024-05-11 13:16:07,659:INFO:Closing the database connection
2024-05-11 13:16:07,758:INFO:Closing the database connection
2024-05-11 13:16:07,876:INFO:Closing the database connection
