2024-05-12 16:22:10,834:INFO:Initializing WordFrequencyChart
2024-05-12 16:22:10,834:INFO:Database connection successful.
2024-05-12 16:22:10,836:INFO:Tokenizing and removing stopwords
2024-05-12 16:22:10,836:INFO:Retrieving data from the database
2024-05-12 16:22:11,229:INFO:Plotting the most frequent words
2024-05-12 16:22:11,430:INFO:Saving the results
2024-05-12 16:22:11,439:INFO:Closing the database connection
2024-05-12 16:22:11,444:INFO:Initializing WordFrequencyChart
2024-05-12 16:22:11,444:INFO:Database connection successful.
2024-05-12 16:22:11,445:INFO:Tokenizing and removing stopwords
2024-05-12 16:22:11,445:INFO:Retrieving data from the database
2024-05-12 16:22:13,084:INFO:Plotting the most frequent words in fr corpus
2024-05-12 16:22:13,284:INFO:Saving the results
2024-05-12 16:22:13,289:INFO:Closing the database connection
2024-05-12 16:22:13,302:INFO:Initializing WordFrequencyChart
2024-05-12 16:22:13,302:INFO:Database connection successful.
2024-05-12 16:22:13,303:INFO:Tokenizing and removing stopwords
2024-05-12 16:22:13,303:INFO:Retrieving data from the database
2024-05-12 16:22:13,628:INFO:Plotting the most frequent words in en corpus
2024-05-12 16:22:13,812:INFO:Saving the results
2024-05-12 16:22:13,815:INFO:Closing the database connection
2024-05-12 16:22:13,825:INFO:Initializing WordFrequencyChart
2024-05-12 16:22:13,825:INFO:Database connection successful.
2024-05-12 16:22:13,825:INFO:Tokenizing and removing stopwords
2024-05-12 16:22:13,825:INFO:Retrieving data from the database
2024-05-12 16:22:13,879:INFO:Plotting the most frequent words in bilingual corpus
2024-05-12 16:22:14,068:INFO:Saving the results
2024-05-12 16:22:14,070:INFO:Closing the database connection
2024-05-12 16:22:14,078:INFO:Initializing WordFrequencyChart
2024-05-12 16:22:14,079:INFO:Database connection successful.
2024-05-12 16:22:14,079:INFO:Retrieving document content from the database
2024-05-12 16:22:14,079:INFO:Retrieving data from the database
2024-05-12 16:22:14,088:INFO:Combining the content into a single string
2024-05-12 16:22:14,090:INFO:Counting the frequency of each word
2024-05-12 16:22:14,147:INFO:Creating a bar plot
2024-05-12 16:22:14,325:INFO:Saving the results
2024-05-12 16:22:14,330:INFO:Closing the database connection
